002F:friday.cpp:0247:1:14=4CBD535C:16=47d21313:/*
ID: xfstart2
LANG: C++
PROG: friday
 */
#include<iostream>
#include<cstdio>
using namespace std;

int N;
int day[7];
int m[13]={0,31,28,31,30,31,30,31,31,30,31,30,31};

int main()
{
	freopen("friday.in","r",stdin);
	freopen("friday.out","w",stdout);
	int i,j,s;
	cin>>N;
	for(i=0;i<7;++i) day[i]=0;
	s=13;
	for(i=1900;i<1900+N;++i)
	{
		if((i % 4 == 0 && i % 100 != 0) || (i % 400 == 0))
			m[2]=29;
		else
			m[2]=28;
		for(j=1;j<=12;++j)
			day[s%7]++,s+=m[j];
	}
	cout<<day[6];
	for(i=0;i<6;++i)
		cout<<" "<<day[i];
	cout<<endl;
	return 0;
}002E:gift1.cpp:0274:1:14=4CBD3BCA:16=47d21313:/*
ID: xfstart2
LANG: C++
PROG: gift1
 */
#include<iostream>
#include<cstdio>
using namespace std;

int N;
int mo[11];
string na[11];
int Find(string s)
{
	int i;
	for(i=0;i<N;++i)
		if(s==na[i])
			return i;
}
int main()
{
	freopen("gift1.in","r",stdin);
	freopen("gift1.out","w",stdout);
	int i,j,m,k,ai;
	string a,b;
	cin>>N;
	for(i=0;i<N;++i)
		cin>>na[i],mo[i]=0;
	for(i=0;i<N;++i)
	{
		cin>>a>>m>>k;
		ai=Find(a);
		int f=0;
		if(m) f=m/k;
		for(j=0;j<k;++j)
		{
			cin>>b;
			mo[Find(b)]+=f;
			mo[ai]-=f;
		}
	}
	for(i=0;i<N;++i)
		cout<<na[i]<<" "<<mo[i]<<endl; 
	return 0;
}002F:insert.cpp:0312:1:14=4D7C29A0:16=47d21313:/*
 * Subject: STL vector
 * Program: insert / void insert(iterator position, size_type n, const T& x)
 * Time: 13/3/2011
 * Anthor: Xu Fei
 */
#include<iostream>
#include<vector>
using namespace std;

int main()
{
    vector<int> myvector(3,100);
    vector<int>::iterator it;
    
    it=myvector.begin();
    it=myvector.insert(it,200);

    myvector.insert(it,2,300);

    it=myvector.begin();
    
    vector<int> anothervector(2,400);
    myvector.insert(it+2,anothervector.begin(),anothervector.end());
    
    int myarray[]={501,502,503};
    myvector.insert(myvector.begin(),myarray,myarray+3);
    
    cout<<"myvector contains: ";
    for(it=myvector.begin(); it<myvector.end();++it)
        cout<<" "<<*it;
    cout<<endl;
    return 0;
}
